<?xml version="1.0" encoding="UTF-8"?>
<testng-results skipped="0" failed="2" total="6" passed="4">
  <reporter-output>
  </reporter-output>
  <suite name="Default suite" duration-ms="51523" started-at="2023-11-02T05:03:22Z" finished-at="2023-11-02T05:04:14Z">
    <groups>
    </groups>
    <test name="Default test" duration-ms="51523" started-at="2023-11-02T05:03:22Z" finished-at="2023-11-02T05:04:14Z">
      <class name="testNGpkg.AddCategory">
        <test-method status="PASS" signature="beforeMethod()[pri:0, instance:testNGpkg.AddCategory@2aafb23c]" name="beforeMethod" is-config="true" duration-ms="4332" started-at="2023-11-02T10:33:24Z" finished-at="2023-11-02T10:33:28Z">
          <reporter-output>
          </reporter-output>
        </test-method> <!-- beforeMethod -->
        <test-method status="PASS" signature="addcategory(java.lang.String, java.lang.String, java.lang.String, java.lang.String, java.lang.String, java.lang.String)[pri:0, instance:testNGpkg.AddCategory@2aafb23c]" name="addcategory" duration-ms="2541" started-at="2023-11-02T10:33:28Z" data-provider="dp" finished-at="2023-11-02T10:33:31Z">
          <params>
            <param index="0">
              <value>
                <![CDATA[OnlineTraining]]>
              </value>
            </param>
            <param index="1">
              <value>
                <![CDATA[2]]>
              </value>
            </param>
            <param index="2">
              <value>
                <![CDATA[Zoom Call]]>
              </value>
            </param>
            <param index="3">
              <value>
                <![CDATA[E-Learning]]>
              </value>
            </param>
            <param index="4">
              <value>
                <![CDATA[online traing in madhapur,hyderabad,kphb]]>
              </value>
            </param>
            <param index="5">
              <value>
                <![CDATA[pass]]>
              </value>
            </param>
          </params>
          <reporter-output>
          </reporter-output>
        </test-method> <!-- addcategory -->
        <test-method status="PASS" signature="afterMethod()[pri:0, instance:testNGpkg.AddCategory@2aafb23c]" name="afterMethod" is-config="true" duration-ms="2446" started-at="2023-11-02T10:33:31Z" finished-at="2023-11-02T10:33:33Z">
          <reporter-output>
          </reporter-output>
        </test-method> <!-- afterMethod -->
        <test-method status="PASS" signature="beforeMethod()[pri:0, instance:testNGpkg.AddCategory@2aafb23c]" name="beforeMethod" is-config="true" duration-ms="3339" started-at="2023-11-02T10:33:33Z" finished-at="2023-11-02T10:33:36Z">
          <reporter-output>
          </reporter-output>
        </test-method> <!-- beforeMethod -->
        <test-method status="PASS" signature="addcategory(java.lang.String, java.lang.String, java.lang.String, java.lang.String, java.lang.String, java.lang.String)[pri:0, instance:testNGpkg.AddCategory@2aafb23c]" name="addcategory" duration-ms="2497" started-at="2023-11-02T10:33:36Z" data-provider="dp" finished-at="2023-11-02T10:33:39Z">
          <params>
            <param index="0">
              <value>
                <![CDATA[OfflineTraining]]>
              </value>
            </param>
            <param index="1">
              <value>
                <![CDATA[2]]>
              </value>
            </param>
            <param index="2">
              <value>
                <![CDATA[institute]]>
              </value>
            </param>
            <param index="3">
              <value>
                <![CDATA[classroom learning]]>
              </value>
            </param>
            <param index="4">
              <value>
                <![CDATA[offline batch]]>
              </value>
            </param>
            <param index="5">
              <value>
                <![CDATA[pass]]>
              </value>
            </param>
          </params>
          <reporter-output>
          </reporter-output>
        </test-method> <!-- addcategory -->
        <test-method status="PASS" signature="afterMethod()[pri:0, instance:testNGpkg.AddCategory@2aafb23c]" name="afterMethod" is-config="true" duration-ms="2533" started-at="2023-11-02T10:33:39Z" finished-at="2023-11-02T10:33:41Z">
          <reporter-output>
          </reporter-output>
        </test-method> <!-- afterMethod -->
        <test-method status="PASS" signature="beforeMethod()[pri:0, instance:testNGpkg.AddCategory@2aafb23c]" name="beforeMethod" is-config="true" duration-ms="3369" started-at="2023-11-02T10:33:41Z" finished-at="2023-11-02T10:33:45Z">
          <reporter-output>
          </reporter-output>
        </test-method> <!-- beforeMethod -->
        <test-method status="FAIL" signature="addcategory(java.lang.String, java.lang.String, java.lang.String, java.lang.String, java.lang.String, java.lang.String)[pri:0, instance:testNGpkg.AddCategory@2aafb23c]" name="addcategory" duration-ms="2005" started-at="2023-11-02T10:33:45Z" data-provider="dp" finished-at="2023-11-02T10:33:47Z">
          <params>
            <param index="0">
              <value>
                <![CDATA[OnlineTraining]]>
              </value>
            </param>
            <param index="1">
              <value>
                <![CDATA[]]>
              </value>
            </param>
            <param index="2">
              <value>
                <![CDATA[Zoom Call]]>
              </value>
            </param>
            <param index="3">
              <value>
                <![CDATA[]]>
              </value>
            </param>
            <param index="4">
              <value>
                <![CDATA[]]>
              </value>
            </param>
            <param index="5">
              <value>
                <![CDATA[fail]]>
              </value>
            </param>
          </params>
          <exception class="java.lang.AssertionError">
            <message>
              <![CDATA[Category added successfully expected [false] but found [true]]]>
            </message>
            <full-stacktrace>
              <![CDATA[java.lang.AssertionError: Category added successfully expected [false] but found [true]
	at org.testng.Assert.fail(Assert.java:94)
	at org.testng.Assert.failNotEquals(Assert.java:513)
	at org.testng.Assert.assertFalse(Assert.java:63)
	at testNGpkg.AddCategory.addcategory(AddCategory.java:75)
	at sun.reflect.NativeMethodAccessorImpl.invoke0(Native Method)
	at sun.reflect.NativeMethodAccessorImpl.invoke(NativeMethodAccessorImpl.java:62)
	at sun.reflect.DelegatingMethodAccessorImpl.invoke(DelegatingMethodAccessorImpl.java:43)
	at java.lang.reflect.Method.invoke(Method.java:498)
	at org.testng.internal.MethodInvocationHelper.invokeMethod(MethodInvocationHelper.java:86)
	at org.testng.internal.Invoker.invokeMethod(Invoker.java:645)
	at org.testng.internal.Invoker.invokeTestMethod(Invoker.java:822)
	at org.testng.internal.Invoker.invokeTestMethods(Invoker.java:1130)
	at org.testng.internal.TestMethodWorker.invokeTestMethods(TestMethodWorker.java:129)
	at org.testng.internal.TestMethodWorker.run(TestMethodWorker.java:112)
	at org.testng.TestRunner.privateRun(TestRunner.java:782)
	at org.testng.TestRunner.run(TestRunner.java:632)
	at org.testng.SuiteRunner.runTest(SuiteRunner.java:366)
	at org.testng.SuiteRunner.runSequentially(SuiteRunner.java:361)
	at org.testng.SuiteRunner.privateRun(SuiteRunner.java:319)
	at org.testng.SuiteRunner.run(SuiteRunner.java:268)
	at org.testng.SuiteRunnerWorker.runSuite(SuiteRunnerWorker.java:52)
	at org.testng.SuiteRunnerWorker.run(SuiteRunnerWorker.java:86)
	at org.testng.TestNG.runSuitesSequentially(TestNG.java:1244)
	at org.testng.TestNG.runSuitesLocally(TestNG.java:1169)
	at org.testng.TestNG.run(TestNG.java:1064)
	at org.testng.remote.RemoteTestNG.run(RemoteTestNG.java:113)
	at org.testng.remote.RemoteTestNG.initAndRun(RemoteTestNG.java:206)
	at org.testng.remote.RemoteTestNG.main(RemoteTestNG.java:177)
]]>
            </full-stacktrace>
          </exception> <!-- java.lang.AssertionError -->
          <reporter-output>
          </reporter-output>
        </test-method> <!-- addcategory -->
        <test-method status="PASS" signature="afterMethod()[pri:0, instance:testNGpkg.AddCategory@2aafb23c]" name="afterMethod" is-config="true" duration-ms="2419" started-at="2023-11-02T10:33:47Z" finished-at="2023-11-02T10:33:49Z">
          <reporter-output>
          </reporter-output>
        </test-method> <!-- afterMethod -->
        <test-method status="PASS" signature="beforeMethod()[pri:0, instance:testNGpkg.AddCategory@2aafb23c]" name="beforeMethod" is-config="true" duration-ms="3183" started-at="2023-11-02T10:33:49Z" finished-at="2023-11-02T10:33:52Z">
          <reporter-output>
          </reporter-output>
        </test-method> <!-- beforeMethod -->
        <test-method status="PASS" signature="addcategory(java.lang.String, java.lang.String, java.lang.String, java.lang.String, java.lang.String, java.lang.String)[pri:0, instance:testNGpkg.AddCategory@2aafb23c]" name="addcategory" duration-ms="2375" started-at="2023-11-02T10:33:52Z" data-provider="dp" finished-at="2023-11-02T10:33:55Z">
          <params>
            <param index="0">
              <value>
                <![CDATA[Internship]]>
              </value>
            </param>
            <param index="1">
              <value>
                <![CDATA[5]]>
              </value>
            </param>
            <param index="2">
              <value>
                <![CDATA[office based]]>
              </value>
            </param>
            <param index="3">
              <value>
                <![CDATA[practical work]]>
              </value>
            </param>
            <param index="4">
              <value>
                <![CDATA[projects based training]]>
              </value>
            </param>
            <param index="5">
              <value>
                <![CDATA[pass]]>
              </value>
            </param>
          </params>
          <reporter-output>
          </reporter-output>
        </test-method> <!-- addcategory -->
        <test-method status="PASS" signature="afterMethod()[pri:0, instance:testNGpkg.AddCategory@2aafb23c]" name="afterMethod" is-config="true" duration-ms="2405" started-at="2023-11-02T10:33:55Z" finished-at="2023-11-02T10:33:57Z">
          <reporter-output>
          </reporter-output>
        </test-method> <!-- afterMethod -->
        <test-method status="PASS" signature="beforeMethod()[pri:0, instance:testNGpkg.AddCategory@2aafb23c]" name="beforeMethod" is-config="true" duration-ms="3315" started-at="2023-11-02T10:33:57Z" finished-at="2023-11-02T10:34:00Z">
          <reporter-output>
          </reporter-output>
        </test-method> <!-- beforeMethod -->
        <test-method status="FAIL" signature="addcategory(java.lang.String, java.lang.String, java.lang.String, java.lang.String, java.lang.String, java.lang.String)[pri:0, instance:testNGpkg.AddCategory@2aafb23c]" name="addcategory" duration-ms="2108" started-at="2023-11-02T10:34:00Z" data-provider="dp" finished-at="2023-11-02T10:34:03Z">
          <params>
            <param index="0">
              <value>
                <![CDATA[]]>
              </value>
            </param>
            <param index="1">
              <value>
                <![CDATA[]]>
              </value>
            </param>
            <param index="2">
              <value>
                <![CDATA[]]>
              </value>
            </param>
            <param index="3">
              <value>
                <![CDATA[]]>
              </value>
            </param>
            <param index="4">
              <value>
                <![CDATA[]]>
              </value>
            </param>
            <param index="5">
              <value>
                <![CDATA[fail]]>
              </value>
            </param>
          </params>
          <exception class="java.lang.AssertionError">
            <message>
              <![CDATA[Category added successfully expected [false] but found [true]]]>
            </message>
            <full-stacktrace>
              <![CDATA[java.lang.AssertionError: Category added successfully expected [false] but found [true]
	at org.testng.Assert.fail(Assert.java:94)
	at org.testng.Assert.failNotEquals(Assert.java:513)
	at org.testng.Assert.assertFalse(Assert.java:63)
	at testNGpkg.AddCategory.addcategory(AddCategory.java:75)
	at sun.reflect.NativeMethodAccessorImpl.invoke0(Native Method)
	at sun.reflect.NativeMethodAccessorImpl.invoke(NativeMethodAccessorImpl.java:62)
	at sun.reflect.DelegatingMethodAccessorImpl.invoke(DelegatingMethodAccessorImpl.java:43)
	at java.lang.reflect.Method.invoke(Method.java:498)
	at org.testng.internal.MethodInvocationHelper.invokeMethod(MethodInvocationHelper.java:86)
	at org.testng.internal.Invoker.invokeMethod(Invoker.java:645)
	at org.testng.internal.Invoker.invokeTestMethod(Invoker.java:822)
	at org.testng.internal.Invoker.invokeTestMethods(Invoker.java:1130)
	at org.testng.internal.TestMethodWorker.invokeTestMethods(TestMethodWorker.java:129)
	at org.testng.internal.TestMethodWorker.run(TestMethodWorker.java:112)
	at org.testng.TestRunner.privateRun(TestRunner.java:782)
	at org.testng.TestRunner.run(TestRunner.java:632)
	at org.testng.SuiteRunner.runTest(SuiteRunner.java:366)
	at org.testng.SuiteRunner.runSequentially(SuiteRunner.java:361)
	at org.testng.SuiteRunner.privateRun(SuiteRunner.java:319)
	at org.testng.SuiteRunner.run(SuiteRunner.java:268)
	at org.testng.SuiteRunnerWorker.runSuite(SuiteRunnerWorker.java:52)
	at org.testng.SuiteRunnerWorker.run(SuiteRunnerWorker.java:86)
	at org.testng.TestNG.runSuitesSequentially(TestNG.java:1244)
	at org.testng.TestNG.runSuitesLocally(TestNG.java:1169)
	at org.testng.TestNG.run(TestNG.java:1064)
	at org.testng.remote.RemoteTestNG.run(RemoteTestNG.java:113)
	at org.testng.remote.RemoteTestNG.initAndRun(RemoteTestNG.java:206)
	at org.testng.remote.RemoteTestNG.main(RemoteTestNG.java:177)
]]>
            </full-stacktrace>
          </exception> <!-- java.lang.AssertionError -->
          <reporter-output>
          </reporter-output>
        </test-method> <!-- addcategory -->
        <test-method status="PASS" signature="afterMethod()[pri:0, instance:testNGpkg.AddCategory@2aafb23c]" name="afterMethod" is-config="true" duration-ms="2573" started-at="2023-11-02T10:34:03Z" finished-at="2023-11-02T10:34:05Z">
          <reporter-output>
          </reporter-output>
        </test-method> <!-- afterMethod -->
        <test-method status="PASS" signature="beforeMethod()[pri:0, instance:testNGpkg.AddCategory@2aafb23c]" name="beforeMethod" is-config="true" duration-ms="3407" started-at="2023-11-02T10:34:05Z" finished-at="2023-11-02T10:34:09Z">
          <reporter-output>
          </reporter-output>
        </test-method> <!-- beforeMethod -->
        <test-method status="PASS" signature="addcategory(java.lang.String, java.lang.String, java.lang.String, java.lang.String, java.lang.String, java.lang.String)[pri:0, instance:testNGpkg.AddCategory@2aafb23c]" name="addcategory" duration-ms="2546" started-at="2023-11-02T10:34:09Z" data-provider="dp" finished-at="2023-11-02T10:34:11Z">
          <params>
            <param index="0">
              <value>
                <![CDATA[project management]]>
              </value>
            </param>
            <param index="1">
              <value>
                <![CDATA[2]]>
              </value>
            </param>
            <param index="2">
              <value>
                <![CDATA[office based]]>
              </value>
            </param>
            <param index="3">
              <value>
                <![CDATA[practical work]]>
              </value>
            </param>
            <param index="4">
              <value>
                <![CDATA[projects based training]]>
              </value>
            </param>
            <param index="5">
              <value>
                <![CDATA[pass]]>
              </value>
            </param>
          </params>
          <reporter-output>
          </reporter-output>
        </test-method> <!-- addcategory -->
        <test-method status="PASS" signature="afterMethod()[pri:0, instance:testNGpkg.AddCategory@2aafb23c]" name="afterMethod" is-config="true" duration-ms="2431" started-at="2023-11-02T10:34:11Z" finished-at="2023-11-02T10:34:14Z">
          <reporter-output>
          </reporter-output>
        </test-method> <!-- afterMethod -->
      </class> <!-- testNGpkg.AddCategory -->
    </test> <!-- Default test -->
  </suite> <!-- Default suite -->
</testng-results>
